-1.159329989999999952e+02,-1.164270020000000017e+02,-4.895551300000000339e+01
-1.167040020000000027e+02,-1.262480010000000021e+02,-4.164941000000000315e+01
-1.065169980000000010e+02,-1.216969990000000053e+02,-4.367421000000000220e+01
-1.048199999999999932e+02,-1.100889970000000062e+02,-5.265021099999999876e+01
-1.144030000000000058e+02,-1.083259960000000035e+02,-5.351781100000000180e+01
-1.049089969999999994e+02,-1.018629990000000021e+02,-5.278061300000000244e+01
-1.170490039999999965e+02,-1.022109990000000010e+02,-4.984351000000000198e+01
-9.645130199999999832e+01,-1.215000000000000000e+02,-4.278940999999999661e+01
-9.917960399999999765e+01,-1.306849980000000073e+02,-3.666651199999999733e+01
-1.086640009999999990e+02,-1.314400019999999927e+02,-3.752132399999999990e+01
-1.169879990000000021e+02,-1.369349980000000073e+02,-3.507812100000000299e+01
-1.008720019999999948e+02,-1.049270020000000017e+02,-5.613121000000000294e+01
-9.286939999999999884e+01,-1.130049970000000030e+02,-4.872220999999999691e+01
-1.136989970000000056e+02,-9.110710100000000011e+01,-6.139491300000000251e+01
-1.019489970000000056e+02,-9.593189999999999884e+01,-6.173311199999999843e+01
-8.559580200000000616e+01,-1.215029980000000052e+02,-4.200041199999999719e+01
-8.846630100000000141e+01,-1.302480009999999879e+02,-3.645031000000000176e+01
-9.377189599999999814e+01,-1.392960050000000081e+02,-3.156781799999999905e+01
-1.057269969999999972e+02,-1.407740019999999959e+02,-3.154231599999999958e+01
-1.171670000000000016e+02,-1.476710050000000081e+02,-3.097061700000000073e+01
-9.267330200000000673e+01,-1.000350040000000007e+02,-6.095831299999999686e+01
-8.595529899999999657e+01,-1.066119999999999948e+02,-5.539651099999999673e+01
-7.926529700000000389e+01,-1.148280029999999954e+02,-4.871251300000000128e+01
-1.032369999999999948e+02,-8.936869799999999486e+01,-7.282722499999999854e+01
-1.155009989999999931e+02,-9.046479800000000182e+01,-7.177022599999999386e+01
-9.360469799999999907e+01,-9.136620299999999872e+01,-6.826172599999999591e+01
-7.391410100000000227e+01,-1.218840030000000070e+02,-4.351101299999999839e+01
-7.647419700000000375e+01,-1.285840000000000032e+02,-3.658891299999999802e+01
-8.098680099999999982e+01,-1.374279940000000124e+02,-3.182501800000000003e+01
-8.532309700000000419e+01,-1.460180049999999881e+02,-2.780221699999999885e+01
-9.742929800000000284e+01,-1.492680049999999881e+02,-2.753771800000000169e+01
-1.074980010000000021e+02,-1.509600069999999903e+02,-2.793861800000000173e+01
-1.172090000000000032e+02,-1.582169949999999972e+02,-2.961002300000000176e+01
-8.396649899999999889e+01,-9.354859899999999584e+01,-6.712942499999999768e+01
-7.929239699999999402e+01,-1.018050000000000068e+02,-5.950981099999999913e+01
-7.389880399999999838e+01,-1.072170030000000054e+02,-5.243321199999999749e+01
-6.872910299999999495e+01,-1.155299990000000037e+02,-4.714761000000000024e+01
-1.079779970000000020e+02,-8.350219699999999534e+01,-8.122750100000000373e+01
-1.176480030000000028e+02,-8.394080399999999997e+01,-8.033149699999999882e+01
-9.347869900000000598e+01,-8.516950199999999427e+01,-7.843470000000000653e+01
-8.661710399999999765e+01,-8.378900099999999895e+01,-6.877739699999999345e+01
-6.219480099999999823e+01,-1.222580030000000022e+02,-4.184331099999999992e+01
-6.850640099999999677e+01,-1.291820069999999987e+02,-3.888730999999999938e+01
-6.812879900000000077e+01,-1.371419980000000010e+02,-3.135221699999999956e+01
-7.340029900000000396e+01,-1.455350039999999865e+02,-2.724841699999999989e+01
-7.791190299999999525e+01,-1.546020049999999912e+02,-2.394032299999999935e+01
-8.876850100000000054e+01,-1.547740019999999959e+02,-2.496272300000000044e+01
-9.669719700000000273e+01,-1.612200009999999963e+02,-2.349222400000000022e+01
-1.070139999999999958e+02,-1.606119999999999948e+02,-2.535792400000000058e+01
-1.139560010000000005e+02,-1.695379939999999976e+02,-2.730242300000000100e+01
-7.925820199999999716e+01,-8.373349799999999732e+01,-6.781900000000000261e+01
-7.583029899999999657e+01,-9.099960299999999336e+01,-5.782041199999999748e+01
-7.085549899999999468e+01,-9.749220300000000350e+01,-4.949331300000000056e+01
-6.611000099999999691e+01,-1.049079969999999946e+02,-4.291091200000000327e+01
-5.975519899999999751e+01,-1.113399959999999993e+02,-3.778721199999999669e+01
-1.180110020000000048e+02,-7.910047900000000709e+01,-8.976349600000000351e+01
-1.095749969999999962e+02,-7.676327499999999304e+01,-9.140300000000000580e+01
-9.861260199999999543e+01,-8.001579999999999870e+01,-8.652300300000000277e+01
-8.771939799999999821e+01,-7.642389699999999664e+01,-7.849340100000000575e+01
-8.012110099999999591e+01,-7.748609899999999584e+01,-7.660559800000000052e+01
-5.191759900000000272e+01,-1.193150020000000069e+02,-3.458471300000000070e+01
-5.688569999999999993e+01,-1.286629939999999976e+02,-4.206771100000000274e+01
-5.680569799999999958e+01,-1.335220030000000122e+02,-3.330162399999999678e+01
-6.245190000000000197e+01,-1.452400049999999965e+02,-2.712081699999999884e+01
-6.641790000000000305e+01,-1.544199979999999925e+02,-2.316702300000000037e+01
-7.336640199999999368e+01,-1.637319950000000119e+02,-2.064592400000000083e+01
-8.476200099999999793e+01,-1.637380070000000103e+02,-2.200752299999999906e+01
-9.179039799999999616e+01,-1.719889980000000094e+02,-2.043602399999999975e+01
-1.020449980000000068e+02,-1.706999969999999962e+02,-2.318902200000000136e+01
-1.082630000000000052e+02,-1.773509980000000041e+02,-2.469352299999999900e+01
-7.292820000000000391e+01,-7.051740300000000161e+01,-6.670410200000000600e+01
-7.262740300000000104e+01,-8.004930099999999982e+01,-5.784201000000000192e+01
-7.295659600000000466e+01,-8.707659900000000164e+01,-4.783641099999999824e+01
-6.655030100000000459e+01,-9.325409700000000157e+01,-3.819101299999999810e+01
-5.869350099999999770e+01,-9.999949599999999350e+01,-3.270801199999999653e+01
-5.028329800000000205e+01,-1.082949980000000068e+02,-3.009251199999999926e+01
-1.187320019999999943e+02,-7.552008100000000468e+01,-9.936229699999999809e+01
-1.081100009999999969e+02,-7.519977599999999995e+01,-1.043359990000000010e+02
-9.861239600000000394e+01,-7.443347900000000550e+01,-9.679789700000000607e+01
-8.786100000000000421e+01,-7.116057600000000605e+01,-8.767800099999999475e+01
-8.021199799999999414e+01,-7.268029799999999341e+01,-8.463189699999999505e+01
-7.043270099999999445e+01,-6.208128700000000322e+01,-7.503630099999999459e+01
-4.162910099999999858e+01,-1.172310030000000012e+02,-3.074071700000000007e+01
-4.337260100000000307e+01,-1.277279970000000020e+02,-3.542130999999999830e+01
-5.078239800000000059e+01,-1.369400019999999927e+02,-4.193822500000000275e+01
-4.911690099999999859e+01,-1.418789979999999957e+02,-2.971411700000000167e+01
-5.140090200000000209e+01,-1.509730069999999955e+02,-2.706171799999999905e+01
-5.590169900000000069e+01,-1.568470000000000084e+02,-2.175552400000000119e+01
-6.240359899999999982e+01,-1.649640049999999860e+02,-1.936542299999999983e+01
-6.952069899999999336e+01,-1.738970030000000122e+02,-1.774652299999999983e+01
-8.068340299999999843e+01,-1.732890010000000132e+02,-1.914042299999999841e+01
-8.819850200000000484e+01,-1.828529969999999878e+02,-1.778552200000000028e+01
-9.820349899999999366e+01,-1.813139950000000056e+02,-2.226602400000000159e+01
-7.442369800000000168e+01,-6.829450199999999427e+01,-5.675411199999999923e+01
-7.197830199999999934e+01,-5.939198700000000031e+01,-6.487090299999999843e+01
-7.358039899999999989e+01,-7.587359600000000626e+01,-4.668591299999999933e+01
-6.839420300000000452e+01,-8.236379999999999768e+01,-3.692560999999999893e+01
-5.872499799999999937e+01,-8.825180100000000039e+01,-2.885191199999999867e+01
-4.984769800000000117e+01,-9.609139999999999304e+01,-2.515161099999999905e+01
-4.110079999999999956e+01,-1.045579989999999952e+02,-2.396461100000000144e+01
-1.163679960000000051e+02,-7.157317399999999452e+01,-1.097109990000000010e+02
-1.087399979999999999e+02,-7.233737899999999854e+01,-1.206340030000000070e+02
-9.942520100000000127e+01,-7.109167499999999507e+01,-1.086129990000000021e+02
-8.794170400000000143e+01,-6.694117699999999616e+01,-9.960579699999999548e+01
-8.055339800000000139e+01,-6.838678000000000168e+01,-9.400540200000000368e+01
-7.166100299999999379e+01,-6.277038999999999902e+01,-8.619619799999999543e+01
-3.230360000000000298e+01,-1.126409989999999937e+02,-2.366521600000000092e+01
-3.164940100000000101e+01,-1.233850020000000001e+02,-2.958471700000000126e+01
-2.958859999999999957e+01,-1.333800050000000113e+02,-3.393922400000000295e+01
-3.912239799999999690e+01,-1.373130040000000065e+02,-3.876532399999999967e+01
-4.491999799999999965e+01,-1.461999969999999962e+02,-4.176062399999999997e+01
-4.071849799999999675e+01,-1.514730069999999955e+02,-2.565721699999999927e+01
-4.502959800000000001e+01,-1.594649960000000135e+02,-2.315452200000000005e+01
-5.026079899999999867e+01,-1.660809940000000040e+02,-1.802302399999999949e+01
-5.804339999999999833e+01,-1.749279940000000124e+02,-1.631232299999999924e+01
-6.572769900000000121e+01,-1.842559970000000078e+02,-1.533112299999999983e+01
-7.687729600000000119e+01,-1.830899960000000135e+02,-1.633272399999999891e+01
-7.402500200000000063e+01,-5.971479000000000070e+01,-5.367811199999999872e+01
-7.365640299999999741e+01,-6.527570299999999293e+01,-4.479531099999999810e+01
-7.300530200000000036e+01,-4.986058799999999991e+01,-5.615581099999999992e+01
-6.974259899999999845e+01,-7.086150399999999649e+01,-3.576241300000000223e+01
-6.282239899999999722e+01,-7.656279800000000080e+01,-2.886721199999999854e+01
-5.525149900000000258e+01,-7.961460099999999329e+01,-2.215281099999999981e+01
-4.817760100000000278e+01,-8.658010099999999909e+01,-1.877841199999999944e+01
-4.082580200000000303e+01,-9.427359800000000689e+01,-1.625521099999999919e+01
-3.264500000000000313e+01,-1.029359970000000004e+02,-1.584221499999999949e+01
-8.863899999999999579e+01,-6.080948999999999671e+01,-1.081709979999999973e+02
-7.731719999999999970e+01,-6.143928900000000226e+01,-1.037990039999999965e+02
-7.356330099999999561e+01,-6.017308799999999991e+01,-9.668380000000000507e+01
-2.342219899999999910e+01,-1.108730010000000021e+02,-1.604461699999999880e+01
-2.261249899999999968e+01,-1.207180019999999985e+02,-2.310231800000000035e+01
-2.036510099999999923e+01,-1.297100069999999903e+02,-2.828541799999999995e+01
-1.909359900000000110e+01,-1.404530029999999954e+02,-3.706012299999999726e+01
-3.033799899999999994e+01,-1.450809940000000040e+02,-3.988582199999999744e+01
-4.027920199999999795e+01,-1.525370029999999986e+02,-4.312952400000000353e+01
-3.465560200000000179e+01,-1.570829929999999877e+02,-3.214712099999999850e+01
-3.141799899999999823e+01,-1.625619959999999935e+02,-2.412572300000000070e+01
-3.786119800000000168e+01,-1.654279940000000124e+02,-2.052552199999999871e+01
-4.626549899999999838e+01,-1.758410030000000006e+02,-1.509002300000000041e+01
-5.479119899999999888e+01,-1.854739989999999921e+02,-1.376672600000000024e+01
-7.351750199999999325e+01,-5.374448799999999693e+01,-4.396771199999999880e+01
-7.049559800000000109e+01,-5.935179899999999975e+01,-3.446371100000000354e+01
-7.373960099999999329e+01,-4.361378899999999703e+01,-4.609230000000000160e+01
-7.274220300000000350e+01,-3.795328899999999805e+01,-5.500709899999999664e+01
-6.445770299999999509e+01,-6.514959699999999998e+01,-2.665840499999999835e+01
-5.726369900000000257e+01,-6.967269899999999438e+01,-1.929511099999999857e+01
-4.876089900000000199e+01,-7.642629999999999768e+01,-1.278191200000000016e+01
-4.072670000000000101e+01,-8.371849799999999675e+01,-7.761811999999999934e+00
-3.326489999999999725e+01,-9.373359700000000316e+01,-7.423481999999999914e+00
-2.410619900000000015e+01,-1.024229969999999952e+02,-7.978871999999999964e+00
-1.348259999999999970e+01,-1.095210040000000049e+02,-9.952075000000000671e+00
-1.305400000000000027e+01,-1.171470029999999980e+02,-1.663231700000000046e+01
-1.114729999999999954e+01,-1.244950029999999970e+02,-2.312131700000000123e+01
-9.653100000000000236e+00,-1.318750000000000000e+02,-2.842441699999999827e+01
-6.849870000000000125e+00,-1.401210020000000043e+02,-3.706612400000000207e+01
-1.081189999999999962e+01,-1.495679930000000013e+02,-4.187962300000000226e+01
-2.252020100000000014e+01,-1.528470000000000084e+02,-4.382342100000000329e+01
-2.818169999999999931e+01,-1.601000060000000076e+02,-4.291012200000000121e+01
-2.422990000000000066e+01,-1.628990019999999959e+02,-2.730632200000000154e+01
-2.785000000000000142e+01,-1.700460050000000081e+02,-1.827382300000000015e+01
-3.428220000000000312e+01,-1.779250030000000038e+02,-1.600092300000000023e+01
-4.382519899999999780e+01,-1.863670040000000085e+02,-1.286212500000000070e+01
-7.148629800000000500e+01,-4.703519800000000117e+01,-3.381410999999999945e+01
-6.669780000000000086e+01,-5.376409900000000164e+01,-2.515500600000000020e+01
-7.355740400000000534e+01,-3.095919400000000010e+01,-4.704510100000000250e+01
-7.182140400000000113e+01,-2.667569400000000002e+01,-5.764099900000000076e+01
-7.335790299999999320e+01,-3.681940099999999916e+01,-3.807549999999999812e+01
-6.047069900000000331e+01,-5.930770100000000156e+01,-1.681480600000000081e+01
-5.313589900000000199e+01,-6.625009900000000584e+01,-9.733558999999999628e+00
-4.618450200000000194e+01,-7.345459700000000680e+01,-2.840488999999999820e+00
-3.919559900000000141e+01,-7.852809899999999743e+01,3.906871000000000205e+00
-3.214199800000000096e+01,-8.631629900000000077e+01,1.674587999999999965e+00
-2.411400000000000077e+01,-9.475289899999999932e+01,4.060050000000000048e-01
-1.401490000000000080e+01,-1.020449980000000068e+02,-2.137375000000000025e+00
-3.209429999999999783e+00,-1.077959979999999973e+02,-7.689894999999999925e+00
-1.700069999999999970e+00,-1.160380020000000059e+02,-1.643531799999999876e+01
1.114700000000000066e-02,-1.244329989999999952e+02,-2.423241799999999913e+01
1.794999999999999929e+00,-1.326990049999999997e+02,-3.135121699999999834e+01
2.956370000000000164e+00,-1.438170010000000048e+02,-4.163082099999999741e+01
-2.087909999999999933e+00,-1.553300020000000075e+02,-4.592542300000000211e+01
-1.207089999999999996e+01,-1.598860019999999906e+02,-4.333782200000000273e+01
-1.778739900000000063e+01,-1.667539979999999957e+02,-4.411462399999999917e+01
-2.505089999999999861e+01,-1.733430020000000127e+02,-2.952332300000000131e+01
-2.074370000000000047e+01,-1.792030029999999954e+02,-1.612702399999999869e+01
-3.295700099999999821e+01,-1.884909969999999930e+02,-1.278782600000000080e+01
-7.343479899999999816e+01,-3.454299900000000179e+01,-2.857280499999999890e+01
-6.995340000000000202e+01,-4.288100099999999770e+01,-2.244250500000000059e+01
-6.481379699999999389e+01,-4.912580100000000272e+01,-1.457030600000000042e+01
-7.349630000000000507e+01,-1.984859499999999954e+01,-4.780599999999999739e+01
-7.152790099999999995e+01,-1.632639500000000155e+01,-5.911410099999999801e+01
-7.454350300000000118e+01,-2.530739399999999861e+01,-3.690250000000000341e+01
-5.838539899999999960e+01,-5.627909900000000221e+01,-6.163695999999999842e+00
-5.225709899999999664e+01,-6.376269899999999780e+01,1.133331000000000088e+00
-4.613740200000000158e+01,-6.928739899999999352e+01,8.416971000000000203e+00
-3.125289899999999932e+01,-8.098899799999999516e+01,1.308808900000000008e+01
-3.943610000000000326e+01,-7.389669800000000066e+01,1.470349099999999964e+01
-2.334199900000000127e+01,-8.754090100000000518e+01,9.963938999999999879e+00
-1.456869999999999976e+01,-9.475460099999999386e+01,6.512457000000000384e+00
-3.757099999999999884e+00,-1.005309979999999968e+02,1.900887999999999911e+00
6.475640000000000285e+00,-1.020559999999999974e+02,-4.044982000000000077e+00
7.551789999999999559e+00,-1.091350020000000001e+02,-1.337301399999999951e+01
9.501649999999999707e+00,-1.171299970000000030e+02,-2.211381700000000095e+01
8.796310000000000073e+00,-1.263329999999999984e+02,-3.117291600000000074e+01
1.162500000000000000e+01,-1.360820009999999911e+02,-3.866712199999999910e+01
1.558590000000000053e+01,-1.469969940000000008e+02,-4.467952300000000321e+01
8.464990000000000236e+00,-1.551260069999999871e+02,-4.701602199999999954e+01
-5.912359999999999838e-01,-1.654170070000000123e+02,-4.300062199999999990e+01
-1.150890000000000057e+01,-1.722469940000000008e+02,-4.403842199999999707e+01
-2.137789899999999932e+01,-1.754989930000000129e+02,-3.997202300000000008e+01
-1.796910099999999844e+01,-1.820469970000000046e+02,-3.694392400000000265e+01
-1.528940000000000055e+01,-1.845330050000000028e+02,-2.562622299999999953e+01
-1.185890000000000022e+01,-1.908079989999999952e+02,-1.463262600000000013e+01
-2.239740000000000109e+01,-1.911470030000000122e+02,-1.474062499999999964e+01
-7.381950399999999490e+01,-3.270249900000000309e+01,-1.709540600000000055e+01
-7.613870199999999500e+01,-2.461649500000000046e+01,-2.456430599999999842e+01
-6.916339899999999830e+01,-4.005199799999999755e+01,-1.010770600000000030e+01
-6.405850200000000427e+01,-4.717179900000000004e+01,-2.744466000000000072e+00
-7.388150000000000261e+01,-8.076893999999999352e+00,-4.955139900000000353e+01
-7.202639800000000037e+01,-6.450090999999999575e+00,-6.081769899999999751e+01
-7.523059800000000052e+01,-1.205669400000000024e+01,-3.932899900000000315e+01
-7.666590100000000518e+01,-1.584889699999999912e+01,-3.048990099999999970e+01
-5.813399900000000287e+01,-5.448070100000000338e+01,5.414473000000000091e+00
-5.202209899999999720e+01,-6.097309899999999772e+01,1.324459200000000081e+01
-4.445700099999999821e+01,-6.669670100000000446e+01,2.192818799999999868e+01
-3.421320000000000050e+01,-7.591870099999999866e+01,2.396548800000000057e+01
-2.466049999999999898e+01,-8.303579700000000230e+01,2.259138899999999950e+01
-1.472830000000000084e+01,-8.925209800000000371e+01,1.655678899999999842e+01
-4.664570000000000327e+00,-9.396910099999999488e+01,1.114858800000000016e+01
6.149729999999999919e+00,-9.583529699999999707e+01,5.406658000000000186e+00
1.614160000000000039e+01,-9.466889999999999361e+01,-1.339061999999999975e+00
1.621859900000000110e+01,-1.010910030000000006e+02,-9.999064000000000618e+00
1.763459999999999894e+01,-1.077379990000000021e+02,-1.916951200000000100e+01
2.221669999999999945e+01,-1.112090000000000032e+02,-2.797031799999999890e+01
1.684580000000000055e+01,-1.196699980000000068e+02,-3.114681600000000117e+01
2.052059900000000070e+01,-1.283390049999999860e+02,-3.762811299999999903e+01
2.255059999999999931e+01,-1.367369999999999948e+02,-4.454552499999999782e+01
2.783840000000000003e+01,-1.457100069999999903e+02,-4.993892300000000262e+01
1.994619900000000001e+01,-1.542160030000000006e+02,-4.954942299999999733e+01
1.173869999999999969e+01,-1.645330050000000028e+02,-4.351142099999999857e+01
3.341169999999999973e+00,-1.761719970000000046e+02,-4.368752299999999877e+01
-4.036360000000000170e+00,-1.773690029999999922e+02,-3.717302300000000059e+01
-9.967439999999999856e+00,-1.890249939999999924e+02,-3.249012400000000156e+01
-7.355740400000000534e+01,-2.995680000000000121e+01,-6.785153000000000212e+00
-7.658290100000000677e+01,-2.138830000000000098e+01,-1.338740300000000083e+01
-7.803549999999999898e+01,-1.321759699999999960e+01,-2.034700000000000131e+01
-6.950109899999999641e+01,-3.675949899999999815e+01,1.459224000000000077e+00
-6.462969999999999970e+01,-4.473770100000000127e+01,8.331554000000000570e+00
-7.658039899999999989e+01,4.646296999999999677e+00,-4.974229799999999813e+01
-7.751090200000000152e+01,-4.290200000000000125e-01,-3.932989899999999750e+01
-7.817890199999999368e+01,-4.726026000000000060e+00,-2.771130000000000138e+01
-5.854639800000000349e+01,-5.129859900000000295e+01,1.606359499999999940e+01
-5.211980100000000249e+01,-5.753300099999999873e+01,2.415829499999999896e+01
-4.536360200000000020e+01,-6.046450000000000102e+01,3.286668800000000346e+01
-3.847990000000000066e+01,-6.887290199999999629e+01,3.273819000000000301e+01
-3.037519999999999953e+01,-7.681999999999999318e+01,3.388978999999999786e+01
-2.134740100000000140e+01,-8.239440199999999948e+01,3.433688699999999727e+01
-1.338979999999999926e+01,-8.648660300000000234e+01,2.744378899999999888e+01
-4.433069999999999844e+00,-9.025190000000000623e+01,2.139198899999999881e+01
5.839480000000000004e+00,-9.138379700000000128e+01,1.535098799999999919e+01
1.486330000000000062e+01,-8.942520100000000127e+01,8.939258999999999844e+00
2.236919999999999931e+01,-8.606759599999999466e+01,3.517478000000000105e+00
2.562019899999999950e+01,-8.983589899999999773e+01,-7.427952000000000332e+00
2.485589999999999833e+01,-9.747020000000000550e+01,-1.532671200000000056e+01
2.792589999999999861e+01,-1.017669980000000010e+02,-2.448541099999999915e+01
3.149459999999999837e+01,-1.080370029999999986e+02,-3.413640999999999792e+01
2.627339900000000128e+01,-1.179820019999999943e+02,-3.704921000000000220e+01
3.091629999999999967e+01,-1.263529970000000020e+02,-4.326581199999999683e+01
3.223460000000000036e+01,-1.376309970000000078e+02,-5.174602099999999893e+01
3.266059899999999772e+01,-1.559779969999999878e+02,-5.053422199999999975e+01
3.968510100000000307e+01,-1.421519930000000045e+02,-5.295142400000000293e+01
2.401600099999999927e+01,-1.650899960000000135e+02,-4.500172400000000295e+01
1.708519899999999936e+01,-1.762400049999999965e+02,-4.379282400000000308e+01
1.057549999999999990e+01,-1.866349950000000035e+02,-4.205802200000000113e+01
-1.742699999999999916e+00,-1.864270019999999874e+02,-4.063572299999999871e+01
-7.743629999999999569e+00,-1.966990049999999997e+02,-3.719912300000000016e+01
-7.584139999999999304e+01,-1.824589900000000142e+01,-2.711682999999999844e+00
-7.283209999999999695e+01,-2.580020000000000024e+01,5.101187000000000360e+00
-7.881520100000000184e+01,-9.206789999999999807e+00,-1.003960000000000008e+01
-8.027439900000000250e+01,-2.977697000000000038e+00,-1.715710100000000082e+01
-6.921099900000000105e+01,-3.360029999999999717e+01,1.253169399999999989e+01
-6.391049999999999898e+01,-4.080889899999999670e+01,1.877239399999999847e+01
-8.499430099999999300e+01,3.005456000000000127e+00,-4.780659899999999851e+01
-8.932330299999999568e+01,-3.430903999999999954e+00,-3.694689900000000193e+01
-9.001339699999999766e+01,-6.342017000000000237e+00,-2.621450000000000102e+01
-5.771829999999999927e+01,-4.727730199999999883e+01,2.598629400000000089e+01
-5.090980100000000164e+01,-5.104610100000000017e+01,3.421719000000000221e+01
-3.884289900000000273e+01,-5.961230100000000220e+01,4.201538800000000151e+01
-4.494660199999999861e+01,-5.006589900000000171e+01,4.302188900000000160e+01
-3.288959899999999692e+01,-6.910119600000000162e+01,4.328358800000000173e+01
-2.609090000000000131e+01,-7.726989700000000028e+01,4.505758699999999806e+01
-1.735259999999999891e+01,-8.268699599999999350e+01,4.550388699999999886e+01
-9.864959999999999951e+00,-8.505210099999999329e+01,3.851598700000000264e+01
-1.606700000000000017e+00,-8.789260099999999909e+01,3.257618699999999734e+01
6.849569999999999936e+00,-8.859320099999999343e+01,2.573928799999999839e+01
1.673270000000000124e+01,-8.619560199999999384e+01,1.866888799999999904e+01
2.603549999999999898e+01,-8.095300299999999538e+01,1.324608899999999956e+01
3.008609999999999829e+01,-8.060829900000000237e+01,7.151530000000000387e-01
3.296670199999999795e+01,-8.183209999999999695e+01,-1.039251100000000072e+01
3.276729999999999876e+01,-9.034120199999999556e+01,-2.002791200000000060e+01
3.585179899999999975e+01,-9.706960300000000075e+01,-3.080671099999999996e+01
3.987960100000000097e+01,-1.049619979999999941e+02,-4.022921000000000191e+01
3.556829799999999864e+01,-1.160719990000000053e+02,-4.304211000000000098e+01
4.047959900000000033e+01,-1.227909999999999968e+02,-4.929651299999999736e+01
4.092029999999999745e+01,-1.318260040000000117e+02,-5.512552300000000116e+01
4.586729799999999813e+01,-1.521759950000000003e+02,-5.253182199999999824e+01
4.247409799999999791e+01,-1.617339939999999956e+02,-4.773872399999999772e+01
3.498339800000000110e+01,-1.665240019999999959e+02,-4.589292100000000119e+01
4.847330099999999931e+01,-1.409839939999999956e+02,-5.676562100000000299e+01
2.947810000000000130e+01,-1.765899960000000135e+02,-4.354162199999999672e+01
2.307560000000000144e+01,-1.872839969999999994e+02,-4.286052300000000059e+01
1.663939999999999841e+01,-1.973229980000000126e+02,-3.979092399999999685e+01
4.946790000000000020e+00,-1.974219970000000046e+02,-3.749742100000000278e+01
-7.494979899999999873e+01,-1.421940000000000026e+01,8.683396999999999366e+00
-7.808419800000000066e+01,-7.114399999999999835e+00,5.375680000000000458e-01
-7.173600000000000421e+01,-2.148500100000000046e+01,1.632440000000000069e+01
-8.130719799999999964e+01,2.420080000000000009e+00,-7.745260000000000034e+00
-8.772789799999999616e+01,3.304002999999999801e+00,-2.476960000000000051e+01
-8.214779699999999707e+01,8.669883000000000450e+00,-1.764930000000000021e+01
-6.769280200000000036e+01,-2.888090499999999849e+01,2.286849399999999832e+01
-6.211920200000000136e+01,-3.616310099999999750e+01,2.832559399999999883e+01
-9.440309899999999743e+01,5.155006000000000199e+00,-4.571609899999999982e+01
-9.696959699999999316e+01,2.332244000000000206e+00,-3.302550099999999844e+01
-5.565209999999999724e+01,-4.184180099999999669e+01,3.564160199999999890e+01
-5.016559999999999775e+01,-3.993630999999999887e+01,4.459069800000000328e+01
-3.627940000000000254e+01,-5.065031100000000208e+01,5.060678899999999913e+01
-3.030730099999999894e+01,-5.974841299999999933e+01,5.043428800000000223e+01
-4.197339999999999804e+01,-4.175781200000000126e+01,5.251599900000000076e+01
-2.542429900000000131e+01,-6.991570299999999349e+01,5.315528900000000334e+01
-1.780600000000000094e+01,-7.855850200000000427e+01,5.474278999999999940e+01
-7.913719999999999644e+00,-8.414730099999999879e+01,5.117588800000000049e+01
5.340230000000000254e-01,-8.589740000000000464e+01,4.388369000000000142e+01
9.711790000000000589e+00,-8.609310200000000179e+01,3.715348800000000296e+01
1.651059899999999914e+01,-8.508910400000000607e+01,2.954518900000000059e+01
2.499609900000000096e+01,-8.083020000000000493e+01,2.573948899999999895e+01
3.271229900000000157e+01,-7.496379899999999452e+01,2.168908899999999917e+01
3.503490099999999785e+01,-7.421749900000000366e+01,9.829262999999999195e+00
3.749369800000000197e+01,-7.355429800000000284e+01,-9.282949999999999813e-01
4.033240099999999728e+01,-7.224259899999999845e+01,-1.144750900000000016e+01
3.883190199999999948e+01,-7.934570300000000032e+01,-2.024281099999999967e+01
4.029769900000000149e+01,-8.633450299999999800e+01,-2.933021199999999951e+01
4.380409999999999826e+01,-9.330069699999999955e+01,-3.853221099999999666e+01
4.691630200000000173e+01,-1.005780029999999954e+02,-4.738561200000000184e+01
4.393259799999999871e+01,-1.123590010000000063e+02,-5.002601200000000148e+01
4.877570000000000050e+01,-1.174850009999999969e+02,-5.836910999999999916e+01
4.902709999999999724e+01,-1.303829959999999915e+02,-5.862501100000000065e+01
5.863439900000000193e+01,-1.483130040000000065e+02,-5.853272199999999970e+01
5.612689999999999912e+01,-1.586419980000000010e+02,-5.271612199999999859e+01
5.259479900000000185e+01,-1.682510069999999871e+02,-4.883342400000000083e+01
4.189260099999999909e+01,-1.753549959999999999e+02,-4.519832199999999744e+01
5.944860099999999647e+01,-1.364100039999999865e+02,-6.433502199999999505e+01
3.362110100000000301e+01,-1.873849950000000035e+02,-4.106652499999999861e+01
2.474850100000000097e+01,-1.975809940000000040e+02,-3.730992100000000278e+01
-7.711309799999999370e+01,-2.828219999999999956e+00,1.186459999999999937e+01
-7.341169700000000375e+01,-9.588352999999999682e+00,1.982389999999999830e+01
-8.032840000000000202e+01,3.129309999999999814e+00,3.069960000000000022e+00
-6.940879800000000444e+01,-1.643480500000000077e+01,2.715940099999999902e+01
-8.300309799999999427e+01,1.552950000000000053e+01,-7.526977999999999724e+00
-8.163009599999999466e+01,1.292839999999999989e+01,3.301449999999999996e+00
-8.922339599999999393e+01,1.653500599999999920e+01,-3.280490100000000098e+01
-8.156189700000000187e+01,1.386170300000000033e+01,-2.666550099999999901e+01
-8.553730000000000189e+01,2.001530100000000090e+01,-1.893790100000000010e+01
-6.481449899999999786e+01,-2.395260599999999940e+01,3.272339999999999804e+01
-5.924159999999999826e+01,-3.185530699999999982e+01,3.745519999999999783e+01
-9.832869700000000535e+01,1.278190599999999932e+01,-4.018529900000000055e+01
-5.423420000000000130e+01,-2.952690499999999929e+01,4.573590099999999836e+01
-4.709809899999999772e+01,-3.163520600000000016e+01,5.295460099999999670e+01
-3.222720000000000340e+01,-4.062481300000000317e+01,5.779629899999999765e+01
-2.691010100000000094e+01,-4.844311100000000181e+01,5.755069000000000301e+01
-2.154080000000000084e+01,-5.933201199999999886e+01,5.824078800000000200e+01
-3.830550000000000210e+01,-3.215931299999999737e+01,5.917639900000000353e+01
-1.596519999999999939e+01,-6.948889900000000353e+01,6.132478700000000060e+01
-7.363369999999999749e+00,-7.852290299999999945e+01,6.109238799999999969e+01
2.691689999999999916e+00,-8.392610200000000020e+01,5.518648900000000168e+01
1.148920000000000030e+01,-8.477269699999999375e+01,4.727758800000000150e+01
2.221680100000000024e+01,-8.232520300000000191e+01,3.848318900000000298e+01
3.178019899999999964e+01,-7.559989899999999352e+01,3.364209000000000316e+01
4.032319999999999993e+01,-6.760990099999999359e+01,2.934549000000000163e+01
4.046160100000000170e+01,-6.857009899999999902e+01,1.804828799999999944e+01
4.394680000000000319e+01,-6.518769799999999748e+01,8.155920999999999310e+00
4.387049900000000235e+01,-6.595239999999999725e+01,-2.491538999999999948e+00
4.766970100000000343e+01,-6.133039899999999989e+01,-1.114980899999999941e+01
4.509790000000000276e+01,-6.781680299999999306e+01,-2.023611100000000107e+01
4.549549900000000235e+01,-7.508640300000000423e+01,-2.911581199999999825e+01
4.807109799999999922e+01,-8.206069899999999961e+01,-3.797001300000000157e+01
5.096300099999999844e+01,-8.881710099999999386e+01,-4.670381199999999922e+01
5.294179900000000316e+01,-9.525119800000000225e+01,-5.524790999999999741e+01
5.057389799999999980e+01,-1.053170010000000048e+02,-5.723471099999999723e+01
5.557099900000000048e+01,-1.098420030000000054e+02,-6.513552099999999712e+01
5.638430000000000319e+01,-1.231740039999999965e+02,-6.594061999999999557e+01
6.877989999999999782e+01,-1.455359950000000140e+02,-6.397092399999999657e+01
6.796240199999999732e+01,-1.559949949999999887e+02,-5.584052299999999747e+01
6.568820200000000398e+01,-1.673159939999999892e+02,-5.231152300000000110e+01
6.241579800000000233e+01,-1.777259980000000041e+02,-4.965982400000000041e+01
5.134369999999999834e+01,-1.792330019999999990e+02,-4.666442099999999726e+01
4.521289800000000270e+01,-1.877369999999999948e+02,-4.308742099999999908e+01
6.523750300000000379e+01,-1.269769969999999972e+02,-7.186922500000000014e+01
6.977979999999999450e+01,-1.361939999999999884e+02,-7.052732100000000059e+01
3.877719900000000308e+01,-1.979080050000000028e+02,-3.917632299999999645e+01
-7.561609599999999887e+01,2.476876999999999995e+00,2.255649899999999874e+01
-7.933859999999999957e+01,8.561196999999999946e+00,1.418790000000000084e+01
-7.085790299999999320e+01,-4.589463000000000292e+00,3.036249899999999968e+01
-6.576540400000000375e+01,-1.197650499999999951e+01,3.806259899999999874e+01
-8.281700100000000475e+01,2.804000100000000018e+01,-8.173047000000000395e+00
-8.194809700000000419e+01,2.402160100000000043e+01,2.402143000000000139e+00
-8.015280199999999411e+01,1.963319999999999865e+01,1.294590299999999949e+01
-9.418309800000000109e+01,2.403250500000000045e+01,-3.845989999999999753e+01
-8.556549800000000516e+01,2.475750499999999832e+01,-3.909500100000000344e+01
-7.981960300000000075e+01,2.143160599999999860e+01,-3.482699999999999818e+01
-8.360980200000000195e+01,2.892450499999999991e+01,-2.527349500000000049e+01
-8.337319899999999961e+01,3.591299800000000175e+01,-1.652439499999999839e+01
-6.017079900000000237e+01,-2.073830600000000146e+01,4.271839899999999801e+01
-5.210029999999999717e+01,-2.122250599999999920e+01,5.256150099999999981e+01
-4.398879999999999768e+01,-2.145690499999999901e+01,5.980870099999999923e+01
-2.910899900000000073e+01,-3.146391099999999952e+01,6.591100299999999379e+01
-2.208180000000000121e+01,-3.733460999999999785e+01,6.024599800000000016e+01
-1.888879999999999981e+01,-4.850760999999999967e+01,6.402449799999999414e+01
-1.167800000000000082e+01,-5.759841200000000327e+01,6.247518900000000031e+01
-3.467150099999999924e+01,-2.078240600000000171e+01,6.544490100000000155e+01
-5.164310000000000400e+00,-6.828500400000000070e+01,6.510970299999999611e+01
3.969409999999999883e+00,-7.652919799999999384e+01,6.321928799999999882e+01
1.355959999999999965e+01,-8.008000199999999325e+01,5.729118700000000075e+01
2.100849900000000048e+01,-8.127510100000000648e+01,4.890288900000000183e+01
2.941039999999999921e+01,-7.510990099999999359e+01,4.530748700000000184e+01
3.611579900000000265e+01,-6.818540199999999629e+01,4.005138800000000288e+01
4.302529899999999685e+01,-5.848930000000000007e+01,3.749288899999999813e+01
4.771709800000000001e+01,-5.864320000000000022e+01,2.808549500000000165e+01
4.813909900000000164e+01,-6.113880199999999832e+01,1.809339299999999895e+01
5.329859900000000295e+01,-5.472760000000000247e+01,1.076819099999999985e+01
5.016929999999999978e+01,-5.769710200000000100e+01,2.584629999999999983e-01
5.437070099999999684e+01,-5.186240000000000094e+01,-9.274186000000000263e+00
5.175500100000000003e+01,-5.674919899999999728e+01,-2.020530499999999918e+01
5.061489900000000119e+01,-6.369319899999999990e+01,-2.941450499999999835e+01
5.221989800000000059e+01,-7.118789700000000664e+01,-3.838181300000000107e+01
5.455499999999999972e+01,-7.812139899999999670e+01,-4.822951100000000224e+01
5.596589999999999776e+01,-8.537979900000000555e+01,-5.766991000000000156e+01
5.526430100000000323e+01,-9.707640100000000416e+01,-6.591682400000000541e+01
6.047860000000000014e+01,-1.004619979999999941e+02,-7.517372100000000046e+01
6.187139899999999670e+01,-1.150879970000000014e+02,-7.291442100000000437e+01
8.126110099999999647e+01,-1.428959959999999967e+02,-6.483362599999999532e+01
7.877559700000000475e+01,-1.530299990000000037e+02,-5.904712299999999914e+01
7.714929999999999666e+01,-1.650339969999999994e+02,-5.528102100000000263e+01
7.485949700000000462e+01,-1.772709959999999967e+02,-5.321612199999999859e+01
6.779479999999999507e+01,-1.883079989999999952e+02,-4.955692299999999761e+01
5.673109800000000291e+01,-1.887680049999999881e+02,-4.562452300000000349e+01
4.808290099999999967e+01,-1.984270019999999874e+02,-4.355242199999999997e+01
7.051570100000000707e+01,-1.175230030000000028e+02,-7.947162600000000054e+01
7.760630000000000450e+01,-1.287729950000000088e+02,-7.824301900000000387e+01
8.042759700000000578e+01,-1.351119999999999948e+02,-7.158222200000000157e+01
-7.699559800000000109e+01,1.526720000000000077e+01,2.405499999999999972e+01
-7.285829900000000237e+01,8.076416999999999291e+00,3.239329899999999895e+01
-6.809829700000000230e+01,9.499710000000000099e-01,4.002320100000000025e+01
-6.244400000000000261e+01,-4.576196000000000375e+00,4.647230100000000164e+01
-5.750260200000000310e+01,-1.245990600000000015e+01,4.966360099999999989e+01
-8.438009599999999466e+01,3.944189800000000190e+01,-8.631783999999999679e+00
-8.219180299999999306e+01,3.578239800000000059e+01,1.350195999999999952e+00
-8.086660000000000537e+01,3.173509999999999920e+01,1.167880199999999924e+01
-7.870559699999999737e+01,2.630689999999999884e+01,2.155200599999999866e+01
-9.061360200000000020e+01,3.314559899999999715e+01,-3.716429899999999975e+01
-8.215450300000000539e+01,3.522209900000000005e+01,-3.481060000000000088e+01
-8.633769999999999811e+01,3.920690199999999948e+01,-2.800799400000000006e+01
-8.983619699999999852e+01,4.669900100000000265e+01,-2.085349499999999878e+01
-4.987689999999999912e+01,-1.159980900000000048e+01,5.867069999999999652e+01
-4.086769900000000177e+01,-1.102680900000000008e+01,6.581130199999999775e+01
-2.475569899999999990e+01,-2.009971200000000024e+01,6.981390399999999374e+01
-2.078590000000000160e+01,-3.272481200000000001e+01,7.158529699999999707e+01
-1.373949999999999960e+01,-3.913981199999999916e+01,6.775759899999999902e+01
-8.578099999999999170e+00,-4.919111300000000142e+01,7.050219699999999534e+01
-9.604190000000000227e-01,-5.645841200000000271e+01,6.377858700000000169e+01
-3.027959999999999852e+01,-1.064570900000000009e+01,7.040589900000000512e+01
5.803840000000000110e+00,-6.560749800000000675e+01,6.471589699999999823e+01
1.467670000000000030e+01,-6.976550299999999538e+01,6.219178800000000251e+01
2.337089900000000142e+01,-7.294679999999999609e+01,5.523268900000000059e+01
2.970949900000000099e+01,-6.492079900000000237e+01,5.026458699999999880e+01
3.667979799999999813e+01,-5.713651300000000077e+01,4.650198699999999974e+01
4.477180100000000351e+01,-4.885000999999999749e+01,4.446968799999999788e+01
5.079280099999999720e+01,-4.905789899999999903e+01,3.370658900000000102e+01
5.432540099999999939e+01,-5.170280100000000090e+01,2.151449399999999912e+01
5.980780000000000030e+01,-4.416320000000000334e+01,1.426479400000000020e+01
5.702989999999999782e+01,-4.860490000000000066e+01,2.241293999999999897e+00
6.086159899999999823e+01,-4.244430200000000042e+01,-7.343505999999999645e+00
5.839419900000000041e+01,-4.673669799999999697e+01,-1.927120599999999939e+01
5.609540199999999999e+01,-5.184420000000000073e+01,-2.944440700000000177e+01
5.550690099999999916e+01,-5.926559799999999711e+01,-3.878671299999999889e+01
5.642290100000000308e+01,-6.680280299999999727e+01,-4.798721299999999701e+01
5.651489999999999725e+01,-7.276560200000000123e+01,-5.923511100000000340e+01
5.636460100000000040e+01,-8.138739800000000457e+01,-6.793750000000000000e+01
5.570080200000000303e+01,-8.809259799999999530e+01,-7.180382500000000334e+01
6.134120200000000267e+01,-9.158879899999999452e+01,-8.377782399999999541e+01
6.857389799999999980e+01,-9.785559800000000052e+01,-8.532892599999999561e+01
6.632260100000000591e+01,-1.074100040000000007e+02,-7.980551900000000387e+01
8.779699700000000462e+01,-1.371869959999999935e+02,-7.158332099999999798e+01
8.802739699999999345e+01,-1.494400019999999927e+02,-6.492072299999999530e+01
8.739189899999999511e+01,-1.610809940000000040e+02,-5.992462199999999939e+01
8.714689599999999814e+01,-1.729389950000000056e+02,-5.597322499999999934e+01
8.743589799999999457e+01,-1.845350039999999865e+02,-5.435412199999999672e+01
7.817769599999999741e+01,-1.897539979999999957e+02,-5.241422299999999979e+01
7.388390400000000113e+01,-2.006730039999999917e+02,-4.832792299999999841e+01
6.219739899999999722e+01,-1.986479950000000088e+02,-4.449312199999999962e+01
7.679419699999999693e+01,-1.109950029999999970e+02,-8.668492100000000278e+01
8.295799999999999841e+01,-1.199550019999999932e+02,-8.458492300000000341e+01
8.754360200000000702e+01,-1.263180009999999953e+02,-7.676522099999999682e+01
-7.374849700000000041e+01,2.014939499999999839e+01,3.469720099999999974e+01
-6.900520299999999452e+01,1.230769399999999969e+01,4.302119799999999827e+01
-6.288769899999999780e+01,5.664482999999999713e+00,5.119990200000000158e+01
-5.579890100000000075e+01,-2.086516000000000037e+00,5.592779900000000026e+01
-8.289230299999999829e+01,4.673179999999999978e+01,1.270345999999999975e+00
-8.593270099999999445e+01,4.994959999999999667e+01,-1.008799400000000013e+01
-8.071559899999999743e+01,4.325139999999999674e+01,1.209640599999999999e+01
-7.881729900000000555e+01,3.856489899999999693e+01,2.166610500000000172e+01
-7.623020200000000557e+01,3.016409499999999966e+01,2.994510700000000014e+01
-8.691470300000000293e+01,4.699069999999999681e+01,-3.121969400000000050e+01
-8.742649799999999516e+01,5.684380000000000166e+01,-2.209209399999999945e+01
-4.712409999999999854e+01,-9.271850000000000369e-01,6.329499799999999965e+01
-3.667559800000000081e+01,-1.078038999999999970e+00,6.970200300000000482e+01
-1.789999999999999858e+01,-1.105350900000000003e+01,7.368289900000000614e+01
-1.645029999999999859e+01,-2.419881099999999918e+01,7.598979900000000498e+01
-1.084430000000000049e+01,-3.403631200000000234e+01,7.860739900000000091e+01
-3.214649999999999785e+00,-4.075171300000000230e+01,7.236109899999999584e+01
5.146930000000000227e+00,-4.884331099999999992e+01,7.115920300000000509e+01
1.132949999999999946e+01,-5.543321199999999749e+01,6.308778800000000331e+01
-2.485729999999999862e+01,-9.447410000000000529e-01,7.441809800000000052e+01
2.095749999999999957e+01,-6.130401200000000017e+01,5.833728800000000092e+01
2.865950000000000131e+01,-5.393781299999999845e+01,5.407999000000000223e+01
3.754149999999999920e+01,-4.678141000000000105e+01,5.281889000000000323e+01
4.565579999999999927e+01,-3.924821099999999774e+01,5.013620000000000232e+01
5.178200100000000106e+01,-3.979600099999999685e+01,4.051820000000000022e+01
5.691540100000000280e+01,-4.245799999999999841e+01,2.694419500000000056e+01
6.205279900000000026e+01,-3.445449800000000096e+01,2.152939399999999992e+01
6.497080200000000616e+01,-3.257699999999999818e+01,1.100539700000000032e+01
6.257870100000000235e+01,-3.951890199999999709e+01,3.870153999999999872e+00
6.602970100000000286e+01,-3.192320099999999883e+01,-3.223993999999999804e+00
6.375260200000000310e+01,-3.750930000000000319e+01,-1.688460500000000053e+01
6.190990099999999785e+01,-4.017439999999999856e+01,-2.923610499999999845e+01
5.901530100000000090e+01,-4.737390099999999649e+01,-3.926401100000000355e+01
5.793360100000000301e+01,-5.470018799999999715e+01,-4.909071000000000140e+01
5.683900100000000322e+01,-6.147728699999999691e+01,-5.768891099999999739e+01
5.488909900000000164e+01,-6.270058800000000332e+01,-6.810489699999999402e+01
5.518759899999999874e+01,-7.304689799999999877e+01,-7.183190199999999948e+01
5.601209999999999667e+01,-7.933299999999999841e+01,-8.080699900000000468e+01
6.146469900000000308e+01,-8.412297800000000336e+01,-9.262909700000000157e+01
7.162349700000000041e+01,-9.064737700000000586e+01,-9.298142199999999491e+01
7.790660099999999488e+01,-1.001429750000000070e+02,-9.259252200000000244e+01
8.622769900000000121e+01,-1.995449979999999925e+02,-5.249522400000000033e+01
8.671479800000000182e+01,-1.097589799999999940e+02,-9.114522599999999386e+01
9.081459800000000371e+01,-1.172570039999999949e+02,-8.575562299999999993e+01
-7.273329900000000237e+01,3.303850200000000115e+01,3.902130100000000112e+01
-6.874040200000000311e+01,2.389749300000000076e+01,4.528160100000000199e+01
-6.298030099999999720e+01,1.634249499999999955e+01,5.287270000000000181e+01
-5.467789799999999900e+01,9.281850999999999630e+00,6.043130099999999771e+01
-8.421089899999999773e+01,5.757070199999999716e+01,-8.504519999999999857e-01
-8.115899699999999939e+01,5.432580200000000303e+01,1.132930600000000076e+01
-8.917230200000000195e+01,5.951449999999999818e+01,-1.249399200000000043e+01
-7.846019699999999375e+01,5.133309899999999715e+01,2.293530700000000166e+01
-7.575890400000000113e+01,4.257059900000000141e+01,3.163960600000000056e+01
-4.292210000000000036e+01,8.699351000000000056e+00,6.655400099999999952e+01
-3.097610099999999989e+01,8.865802000000000405e+00,7.132710299999999393e+01
-1.674049899999999980e+01,-5.323590000000000266e-01,8.035340100000000518e+01
-1.743980000000000175e+01,-1.287161200000000072e+01,8.757089999999999463e+01
-1.084029999999999916e+01,-1.649441099999999949e+01,7.904579900000000237e+01
-6.506509999999999572e+00,-2.546601100000000173e+01,8.281320200000000398e+01
2.835449999999999804e+00,-3.550991100000000245e+01,8.040339699999999823e+01
7.656109999999999971e+00,-4.098461199999999849e+01,7.087290199999999629e+01
1.178240000000000087e+01,-3.992761200000000343e+01,6.926470199999999977e+01
1.997739999999999938e+01,-4.933791000000000082e+01,6.186748899999999907e+01
-2.033050000000000068e+01,8.977888000000000090e+00,7.746880299999999409e+01
2.971760000000000090e+01,-4.204021099999999933e+01,5.858489999999999753e+01
3.733890199999999737e+01,-3.618390999999999735e+01,5.850239899999999693e+01
4.550360100000000330e+01,-2.968830499999999972e+01,5.499810000000000088e+01
5.253609800000000263e+01,-2.938310600000000150e+01,4.659799999999999898e+01
5.758570100000000025e+01,-3.358980199999999883e+01,3.393539799999999929e+01
6.297679899999999975e+01,-2.531470500000000001e+01,2.802989399999999875e+01
6.649030299999999727e+01,-2.334919899999999870e+01,1.741169400000000067e+01
6.822709700000000055e+01,-2.330330100000000115e+01,5.362077000000000204e+00
6.996610300000000393e+01,-2.005900000000000105e+01,-5.317853000000000385e+00
6.769670100000000446e+01,-2.816529999999999845e+01,-1.335410300000000028e+01
6.681050100000000214e+01,-2.937329499999999882e+01,-2.430120700000000156e+01
6.527909900000000221e+01,-2.824169300000000149e+01,-3.448689999999999856e+01
6.158330200000000332e+01,-3.665000200000000063e+01,-4.106199999999999761e+01
5.859519999999999840e+01,-4.415338899999999711e+01,-5.073831200000000052e+01
5.596760199999999941e+01,-5.120068700000000206e+01,-6.218601199999999807e+01
5.068669899999999728e+01,-6.763880199999999832e+01,-8.113079799999999864e+01
5.508380100000000112e+01,-7.413118000000000052e+01,-9.089639999999999986e+01
5.923759799999999842e+01,-7.694647999999999399e+01,-1.021309969999999936e+02
6.983190199999999948e+01,-8.307907899999999302e+01,-1.034179989999999947e+02
7.861029800000000023e+01,-9.083867600000000664e+01,-1.013310239999999993e+02
8.823930400000000418e+01,-1.008749770000000012e+02,-9.936122100000000046e+01
9.745739700000000028e+01,-1.101649780000000050e+02,-9.332832299999999748e+01
-7.230159799999999848e+01,4.496519899999999836e+01,4.241011000000000308e+01
-6.741950199999999427e+01,3.583058900000000335e+01,4.804650099999999924e+01
-6.036970099999999917e+01,2.862059400000000053e+01,5.260549900000000179e+01
-5.410599899999999707e+01,2.144889500000000027e+01,5.805260100000000278e+01
-4.689459999999999695e+01,1.922539499999999890e+01,6.343460100000000068e+01
-8.332350200000000484e+01,6.545069900000000018e+01,6.628199000000000396e+00
-8.759300199999999847e+01,6.754479999999999507e+01,-4.732731000000000243e+00
-8.081880200000000514e+01,6.241170100000000076e+01,1.878680599999999856e+01
-7.531130199999999775e+01,5.426150100000000265e+01,3.515721099999999666e+01
-7.815599799999999675e+01,6.443530300000000466e+01,3.015770499999999998e+01
-3.646099900000000105e+01,1.934618899999999897e+01,6.862680100000000039e+01
-2.420680000000000121e+01,1.852978900000000095e+01,7.112920400000000143e+01
-1.330390000000000050e+01,9.835248999999999242e+00,8.783989699999999345e+01
-1.368570000000000064e+01,-2.017932000000000059e+00,9.270960200000000384e+01
-1.244880000000000031e+01,-1.335501099999999930e+01,9.808219900000000280e+01
-5.955359999999999765e+00,-1.324811200000000078e+01,9.111759899999999845e+01
1.367580000000000018e+00,-2.096301100000000162e+01,8.645629900000000134e+01
1.124939999999999962e+01,-2.817871099999999984e+01,7.959269700000000114e+01
1.733559999999999945e+01,-3.655461100000000130e+01,7.251550299999999538e+01
2.066229999999999833e+01,-3.870761099999999999e+01,6.205789899999999903e+01
-1.587340000000000018e+01,1.929488900000000129e+01,7.913760399999999606e+01
2.814300000000000068e+01,-3.390151199999999676e+01,6.663659699999999475e+01
3.807450099999999793e+01,-2.541150700000000029e+01,6.222489900000000063e+01
4.801250100000000032e+01,-1.973630500000000154e+01,5.708369799999999827e+01
5.520060000000000144e+01,-1.757120499999999907e+01,4.932360099999999647e+01
5.870909900000000192e+01,-2.358030499999999918e+01,3.960100200000000115e+01
6.382450099999999793e+01,-1.604600500000000096e+01,3.334149899999999889e+01
6.764510300000000598e+01,-1.391480299999999914e+01,2.354710000000000036e+01
6.978099799999999675e+01,-1.311880299999999977e+01,1.208479700000000001e+01
7.171070100000000025e+01,-1.147419999999999973e+01,1.487910000000000066e+00
7.305899800000000255e+01,-7.770369999999999777e+00,-9.378389999999999560e+00
7.054099999999999682e+01,-1.797640000000000171e+01,-1.591180300000000081e+01
6.883699799999999414e+01,-1.791899499999999890e+01,-2.665510000000000090e+01
6.620939599999999814e+01,-1.592659500000000072e+01,-3.716590099999999808e+01
6.253710199999999730e+01,-2.464559399999999911e+01,-4.477539800000000270e+01
5.918410099999999829e+01,-3.282918899999999951e+01,-5.199159999999999826e+01
5.611000099999999691e+01,-4.052138899999999921e+01,-6.124159999999999826e+01
4.845430000000000348e+01,-6.237268799999999658e+01,-8.954540299999999320e+01
5.218429900000000288e+01,-6.771447799999999972e+01,-1.004830019999999990e+02
6.723269700000000171e+01,-7.717807799999999929e+01,-1.141530000000000058e+02
7.890860000000000696e+01,-8.378557600000000605e+01,-1.122600020000000001e+02
8.723449700000000462e+01,-9.356697800000000598e+01,-1.074420240000000035e+02
9.847250400000000070e+01,-9.416077400000000353e+01,-1.091100229999999982e+02
9.975150299999999959e+01,-1.014539790000000039e+02,-1.013070220000000035e+02
-7.119490100000000155e+01,5.604269000000000034e+01,4.720170999999999850e+01
-6.797750100000000373e+01,4.579628799999999700e+01,5.340211099999999789e+01
-6.093349800000000016e+01,3.770848800000000267e+01,5.753350100000000111e+01
-5.147000100000000344e+01,3.376758999999999844e+01,6.197790100000000280e+01
-4.234100000000000108e+01,2.865758900000000153e+01,6.892140200000000050e+01
-8.607569900000000018e+01,7.571469899999999598e+01,1.526988999999999930e+00
-8.444689900000000193e+01,7.452639800000000037e+01,1.439720699999999987e+01
-8.449310300000000495e+01,7.203220399999999302e+01,2.383651199999999903e+01
-7.449770399999999881e+01,6.582649999999999579e+01,4.087391300000000172e+01
-7.893060300000000495e+01,7.667530100000000459e+01,3.473511100000000340e+01
-2.980960100000000068e+01,2.793798800000000071e+01,7.161430400000000418e+01
-1.692530100000000104e+01,2.985018900000000031e+01,7.007150300000000698e+01
-7.427139999999999631e+00,6.672358000000000011e+00,9.935859700000000316e+01
-1.055400000000000027e+01,2.290938900000000089e+01,8.870520000000000493e+01
-7.617659999999999876e+00,1.667298900000000117e+01,9.751519799999999805e+01
-7.525890000000000413e+00,-4.187032000000000309e+00,1.036330030000000022e+02
-4.810749999999999638e+00,-1.584991499999999931e+01,1.074840010000000063e+02
-2.057500000000000107e+00,-2.001591099999999912e+01,9.731580399999999997e+01
6.476740000000000386e+00,-1.370451199999999936e+01,9.323000299999999640e+01
9.489919999999999689e+00,-1.511781099999999967e+01,8.439759800000000212e+01
1.270289999999999964e+01,-1.711331200000000052e+01,7.656169900000000439e+01
2.202009999999999934e+01,-2.452651200000000031e+01,7.214150200000000268e+01
-1.146620000000000061e+01,3.145578799999999831e+01,8.050610399999999345e+01
3.141349999999999909e+01,-1.968311100000000025e+01,6.783299999999999841e+01
4.133710099999999699e+01,-1.349300900000000070e+01,6.471880299999999409e+01
5.048170100000000105e+01,-8.840308000000000277e+00,5.888700099999999793e+01
5.764720200000000006e+01,-6.056346999999999703e+00,5.135390100000000047e+01
6.153430199999999672e+01,-1.116680500000000009e+01,4.202629900000000163e+01
6.693559999999999377e+01,-4.778753000000000029e+00,3.202650100000000322e+01
7.038929699999999912e+01,-3.684442999999999913e+00,1.974780099999999905e+01
7.317579700000000287e+01,-1.036610000000000031e+00,9.329359999999999431e+00
7.453649900000000628e+01,-7.607859999999999623e-01,-1.417370000000000019e+00
7.523600000000000421e+01,4.450160999999999589e+00,-1.180230000000000068e+01
7.232050300000000220e+01,-7.242676999999999587e+00,-1.811570000000000036e+01
6.962879900000000077e+01,-5.382437000000000360e+00,-2.898019999999999996e+01
6.794740299999999422e+01,-2.851954000000000100e+00,-3.932690000000000197e+01
6.337049900000000235e+01,-1.228429399999999916e+01,-4.770119900000000257e+01
5.957030100000000061e+01,-2.079889500000000169e+01,-5.502190000000000225e+01
5.634709900000000005e+01,-2.849219499999999883e+01,-6.234640100000000018e+01
7.625369999999999493e+01,-7.656257600000000707e+01,-1.208629990000000021e+02
6.760070000000000334e+01,-7.301127599999999518e+01,-1.257789989999999989e+02
8.795960200000000384e+01,-8.591737399999999525e+01,-1.255960010000000011e+02
9.007530199999999354e+01,-8.914737700000000586e+01,-1.170000229999999988e+02
-6.975980400000000259e+01,6.682890299999999684e+01,5.251091000000000264e+01
-6.596880299999999409e+01,5.759828900000000118e+01,5.877481099999999969e+01
-6.402200299999999800e+01,4.673378799999999700e+01,6.413400300000000698e+01
-5.688620000000000232e+01,4.043568799999999896e+01,6.653270000000000550e+01
-4.689370000000000260e+01,3.928128800000000354e+01,7.165609700000000259e+01
-3.474240100000000098e+01,3.765258800000000150e+01,7.308260300000000598e+01
-8.568550100000000214e+01,8.232039600000000235e+01,7.196492000000000111e+00
-8.457939899999999511e+01,8.595790100000000677e+01,1.643411100000000147e+01
-8.280930299999999988e+01,8.582440200000000630e+01,2.876451099999999883e+01
-7.374269900000000177e+01,7.669029999999999347e+01,4.564150999999999669e+01
-7.720320100000000707e+01,8.554180100000000664e+01,3.916211299999999795e+01
-2.488030099999999933e+01,3.520678699999999850e+01,7.095169799999999327e+01
-1.705110000000000170e+01,3.777378800000000325e+01,7.334660300000000177e+01
7.773229999999999862e-01,5.760665000000000369e+00,1.065739970000000056e+02
7.187989999999999657e-01,1.720318800000000081e+01,1.031659999999999968e+02
-5.787160000000000082e+00,2.710688800000000143e+01,9.801899699999999882e+01
-9.493489999999999540e+00,3.626948900000000009e+01,9.189900199999999586e+01
9.240990000000000038e-01,-6.122715000000000352e+00,1.097559969999999936e+02
6.134290000000000020e+00,-1.581671500000000030e+01,1.067379990000000021e+02
1.379759999999999920e+01,-1.251731400000000072e+01,9.873069800000000384e+01
1.844569999999999865e+01,-1.303281100000000059e+01,8.645799999999999841e+01
1.835000000000000142e+01,-6.797689000000000092e+00,7.522810400000000186e+01
2.339290000000000092e+01,-1.288990899999999939e+01,7.116549700000000200e+01
-1.835069999999999979e+01,4.046218900000000218e+01,8.549539900000000614e+01
3.333829899999999924e+01,-6.460299000000000014e+00,7.026979799999999443e+01
4.389590100000000206e+01,-1.715098999999999929e+00,6.571469899999999598e+01
5.349729899999999816e+01,2.988141000000000158e+00,6.019240200000000129e+01
6.100460100000000097e+01,3.973073999999999995e+00,5.164260099999999909e+01
6.454519700000000171e+01,2.010800000000000087e-02,4.216460000000000008e+01
6.859040099999999995e+01,8.570173999999999737e+00,3.602570000000000050e+01
7.069390099999999677e+01,4.408127000000000351e+00,2.639639999999999986e+01
7.414430199999999616e+01,8.650228999999999502e+00,1.618449999999999989e+01
7.617960399999999765e+01,9.681670000000000442e+00,1.905670999999999893e+00
7.726660200000000600e+01,1.681749900000000153e+01,-9.338896999999999338e+00
7.470310200000000123e+01,1.108490300000000062e+01,-2.146199999999999974e+01
7.817120400000000302e+01,3.902329999999999965e-01,-2.267849899999999863e+01
8.176239800000000457e+01,-9.115346999999999866e+00,-2.624719999999999942e+01
7.992659799999999848e+01,-6.625625999999999571e+00,-3.676590000000000202e+01
7.501840199999999470e+01,-4.539590000000000014e-01,-4.681039799999999929e+01
6.476599899999999366e+01,8.291669999999999874e-01,-5.134579800000000205e+01
6.029399899999999946e+01,-9.616661000000000570e+00,-5.862559900000000113e+01
5.591009900000000243e+01,-1.767388899999999907e+01,-6.636779799999999341e+01
8.025009900000000584e+01,-7.496887999999999863e+01,-1.335749969999999962e+02
-6.782379899999999395e+01,7.751799800000000573e+01,5.509791200000000089e+01
-6.305239900000000119e+01,6.963760399999999606e+01,6.326941300000000012e+01
-5.955350099999999713e+01,5.873718999999999824e+01,6.896829999999999927e+01
-5.803279899999999714e+01,4.675589000000000084e+01,7.458190199999999948e+01
-5.090140199999999737e+01,4.390189000000000163e+01,7.776470199999999977e+01
-3.618780100000000033e+01,4.253908899999999704e+01,7.547350299999999379e+01
-2.904570000000000007e+01,4.255178800000000194e+01,7.695439899999999511e+01
-8.488860300000000336e+01,9.572550200000000586e+01,2.301681100000000058e+01
-7.903910100000000227e+01,9.675710300000000075e+01,3.258151199999999648e+01
-6.920010399999999606e+01,8.848529800000000023e+01,4.973801000000000272e+01
-7.373549699999999518e+01,9.516010300000000655e+01,4.209451299999999918e+01
8.329140000000000654e+00,8.203775000000000261e+00,1.008710020000000043e+02
9.762309999999999377e+00,-3.326133000000000006e+00,1.055009989999999931e+02
4.364630000000000010e+00,2.808568800000000110e+01,9.851010100000000591e+01
9.291769999999999641e+00,1.856348799999999954e+01,9.580670200000000136e+01
-2.067440000000000111e-01,3.837109000000000236e+01,9.591790000000000305e+01
-1.343510000000000026e+01,4.447979000000000127e+01,9.590740200000000470e+01
1.462749999999999950e+01,-1.647291999999999978e+00,9.373969999999999914e+01
1.640409999999999968e+01,5.485729999999999773e-01,8.225530200000000036e+01
2.486779999999999902e+01,1.558971000000000107e+00,7.451260399999999606e+01
-2.400349999999999895e+01,4.446068999999999960e+01,9.050440199999999891e+01
3.499800100000000214e+01,5.843900999999999790e+00,6.975140399999999374e+01
4.474150099999999952e+01,9.996211000000000624e+00,6.616979999999999507e+01
5.243930100000000039e+01,1.484299200000000063e+01,6.171720100000000286e+01
6.054520000000000124e+01,1.360559100000000043e+01,5.533100100000000054e+01
6.571829999999999927e+01,1.267779400000000045e+01,4.558539999999999992e+01
6.956670400000000143e+01,2.105029499999999842e+01,3.830569799999999958e+01
7.223690000000000566e+01,1.566099700000000006e+01,2.742170000000000130e+01
7.530429800000000284e+01,2.302020100000000014e+01,2.022880599999999873e+01
7.616899899999999946e+01,1.768079900000000038e+01,1.068480300000000049e+01
7.715489999999999782e+01,2.274690100000000115e+01,9.393749999999999600e-01
7.707630199999999832e+01,2.842419999999999902e+01,-9.441376999999999242e+00
7.712560299999999813e+01,2.366589899999999957e+01,-2.103889500000000012e+01
7.102960199999999702e+01,2.002610599999999863e+01,-3.297330099999999931e+01
8.198490099999999359e+01,1.031390299999999982e+01,-2.648839999999999861e+01
8.806269799999999748e+01,-3.719709999999999961e-01,-3.192499899999999968e+01
8.553589599999999393e+01,1.643685999999999980e+00,-4.521630100000000141e+01
-6.222560099999999750e+01,8.334950299999999856e+01,6.189891099999999824e+01
-5.648089999999999833e+01,7.788009599999999466e+01,7.040329699999999491e+01
-5.467039900000000330e+01,6.773840300000000525e+01,7.343240400000000534e+01
-5.055479799999999813e+01,5.640699000000000041e+01,7.892890199999999368e+01
-4.433570100000000025e+01,4.696648799999999824e+01,8.454029800000000705e+01
-3.406650199999999984e+01,4.703048700000000082e+01,8.781289700000000664e+01
-8.284139999999999304e+01,1.050609970000000004e+02,2.393171099999999996e+01
-7.642579700000000287e+01,1.077500000000000000e+02,3.248301299999999969e+01
-6.976509900000000641e+01,1.060619959999999935e+02,3.994731099999999913e+01
-6.117300000000000182e+01,9.452089700000000505e+01,5.991931199999999791e+01
-6.565920300000000509e+01,9.974909999999999854e+01,4.990161100000000260e+01
1.344790000000000063e+01,9.874658999999999409e+00,8.885389700000000346e+01
8.354689999999999728e+00,2.998618899999999954e+01,9.035179899999999975e+01
1.235100000000000087e+01,2.111388799999999932e+01,8.334050000000000580e+01
-3.068449999999999900e+00,5.036568799999999868e+01,9.781369800000000225e+01
9.563209999999999766e+00,4.593488700000000335e+01,9.689199800000000096e+01
1.191890000000000072e+01,3.866138800000000231e+01,8.802700000000000102e+01
-1.595240000000000080e+01,5.523158999999999708e+01,9.632779700000000389e+01
1.874840000000000018e+01,1.161348800000000026e+01,7.842700200000000166e+01
2.656220100000000173e+01,1.428149100000000082e+01,7.182319599999999582e+01
-2.793429899999999932e+01,5.764748800000000273e+01,9.248999799999999993e+01
3.836069899999999677e+01,1.924538799999999839e+01,6.896620199999999556e+01
4.712310000000000088e+01,2.482999399999999923e+01,6.410739900000000091e+01
5.703979900000000214e+01,2.398869499999999988e+01,5.676579999999999870e+01
6.511129800000000500e+01,2.391709499999999977e+01,4.889199800000000096e+01
6.886599699999999302e+01,3.346760199999999941e+01,4.210079999999999956e+01
7.243479899999999816e+01,2.849019399999999891e+01,3.074750500000000031e+01
7.571610300000000393e+01,3.494969900000000251e+01,2.133470499999999959e+01
7.672920200000000079e+01,3.014920000000000044e+01,1.073070000000000057e+01
7.738269800000000487e+01,3.546309999999999718e+01,1.116646000000000027e+00
7.864650000000000318e+01,4.015859999999999985e+01,-8.864763999999999200e+00
7.891000400000000070e+01,3.452519999999999811e+01,-2.006589500000000115e+01
7.418620300000000611e+01,3.614410000000000167e+01,-3.170099400000000145e+01
7.652760299999999916e+01,2.553930700000000087e+01,-3.755139900000000353e+01
8.229450199999999427e+01,1.761310599999999837e+01,-3.538799999999999812e+01
8.805780000000000030e+01,1.027270599999999945e+01,-3.762049900000000235e+01
8.750579799999999864e+01,1.373670599999999986e+01,-4.849549900000000235e+01
-5.468489799999999690e+01,8.925379900000000077e+01,6.969502300000000616e+01
-4.755210100000000040e+01,8.146990200000000470e+01,7.761769900000000177e+01
-4.660189799999999849e+01,6.920140100000000416e+01,8.042549900000000207e+01
-3.919670099999999735e+01,6.090878699999999668e+01,8.648030099999999720e+01
-7.658869900000000541e+01,1.153010029999999944e+02,2.467661700000000025e+01
-6.669629700000000128e+01,1.179749979999999994e+02,3.376510999999999996e+01
-6.224580000000000268e+01,1.106539989999999989e+02,4.591591300000000331e+01
-5.809380000000000166e+01,1.059159999999999968e+02,5.685501099999999752e+01
-5.235979799999999784e+01,1.004339980000000025e+02,6.689131899999999575e+01
1.055400000000000027e+01,3.246949000000000041e+01,7.682939899999999511e+01
1.725890000000000057e+01,2.199948900000000052e+01,7.265300000000000580e+01
-6.032469999999999999e+00,6.374388900000000291e+01,9.623069800000000384e+01
5.261009999999999742e+00,5.828658699999999726e+01,9.772849999999999682e+01
1.957869900000000030e+01,5.576899000000000228e+01,9.603640000000000043e+01
2.069849999999999923e+01,4.497878999999999650e+01,9.466259800000000268e+01
2.046190100000000101e+01,4.067028799999999933e+01,7.638760399999999606e+01
-1.752120000000000033e+01,6.609757999999999356e+01,9.389800300000000277e+01
2.909489999999999910e+01,2.543298899999999918e+01,7.391760299999999972e+01
-2.953840100000000035e+01,6.900708000000000197e+01,8.938770300000000191e+01
4.010940200000000289e+01,3.139248800000000017e+01,7.155699900000000468e+01
4.953359999999999985e+01,3.840048999999999779e+01,6.648149899999999946e+01
5.460419799999999668e+01,3.303598800000000324e+01,6.002150000000000318e+01
6.295729800000000154e+01,3.474049000000000120e+01,5.335839800000000110e+01
6.660920000000000130e+01,4.392808899999999994e+01,5.161381099999999833e+01
7.044960000000000377e+01,4.486819799999999958e+01,4.084731299999999976e+01
7.273420000000000130e+01,4.051269899999999780e+01,3.121320499999999853e+01
7.553240200000000470e+01,4.678570200000000057e+01,2.200240499999999955e+01
7.713279699999999650e+01,4.216450100000000134e+01,1.084850600000000043e+01
7.865270200000000500e+01,4.730450100000000191e+01,2.799570000000000114e-01
8.132350200000000484e+01,5.517369800000000168e+01,-1.048619200000000085e+01
8.436650099999999952e+01,4.677769899999999836e+01,-1.682589300000000065e+01
8.006749700000000303e+01,4.511360200000000020e+01,-2.659669500000000042e+01
8.543470000000000653e+01,3.996079999999999899e+01,-3.531380099999999800e+01
8.652749599999999930e+01,2.482050500000000071e+01,-3.871709800000000001e+01
8.794229900000000555e+01,2.460130499999999998e+01,-4.975880099999999828e+01
-4.566610000000000014e+01,9.422160300000000177e+01,7.596681999999999846e+01
-3.779909899999999823e+01,8.785610200000000702e+01,8.294922599999999591e+01
-3.826330200000000303e+01,7.526499900000000309e+01,8.463989999999999725e+01
-7.202670299999999770e+01,1.269290009999999995e+02,2.579751800000000017e+01
-6.080319999999999681e+01,1.280200040000000001e+02,3.262091099999999955e+01
-5.903710199999999730e+01,1.199179989999999947e+02,4.093501299999999787e+01
-5.447299999999999898e+01,1.165790020000000027e+02,5.248530999999999835e+01
-4.878589999999999804e+01,1.116250000000000000e+02,6.290841300000000302e+01
-4.271880000000000166e+01,1.060469970000000046e+02,7.257312000000000296e+01
1.933699999999999974e+01,3.207528700000000299e+01,7.044909699999999475e+01
3.290970000000000173e+00,7.161897999999999342e+01,9.445340000000000202e+01
-7.416360000000000063e+00,7.688257600000000025e+01,9.242620100000000605e+01
1.340900000000000070e+01,6.540467800000000409e+01,9.561299900000000207e+01
2.460600099999999912e+01,6.754327399999999670e+01,9.267340099999999836e+01
3.193370099999999923e+01,5.812148700000000190e+01,9.197110000000000696e+01
2.988540100000000166e+01,4.612928800000000251e+01,9.276899699999999882e+01
3.032069999999999865e+01,4.309898799999999852e+01,7.765010100000000648e+01
2.861120000000000019e+01,3.475688900000000103e+01,7.527020299999999509e+01
-1.930520100000000028e+01,7.590158099999999308e+01,9.045929700000000651e+01
-2.850340100000000021e+01,8.180378000000000327e+01,8.750389900000000409e+01
3.626710099999999670e+01,3.610128799999999671e+01,7.892680400000000418e+01
4.180860100000000301e+01,4.223188799999999787e+01,7.494770099999999502e+01
5.632009899999999902e+01,4.559008800000000150e+01,7.688690200000000630e+01
6.133489999999999753e+01,4.280958900000000256e+01,6.427100400000000491e+01
6.461039700000000607e+01,5.283808899999999653e+01,5.800781200000000126e+01
6.931929800000000341e+01,5.458709000000000344e+01,4.635951200000000227e+01
7.277960199999999702e+01,5.354750099999999691e+01,3.314240999999999815e+01
7.610109699999999577e+01,5.719179900000000316e+01,2.238200600000000051e+01
7.749179800000000284e+01,5.502930099999999669e+01,1.089790700000000001e+01
7.999859600000000626e+01,5.923129999999999740e+01,8.861199999999999632e-02
8.281829799999999864e+01,6.436409799999999848e+01,-1.716399399999999886e+01
8.264119700000000535e+01,6.866280399999999418e+01,-6.402760999999999925e+00
8.982640100000000416e+01,5.174319799999999958e+01,-2.268299499999999824e+01
8.505750299999999697e+01,5.134130100000000141e+01,-3.403249000000000279e+01
9.178119700000000591e+01,4.214469900000000280e+01,-4.212480200000000252e+01
9.059950299999999856e+01,3.441960100000000011e+01,-4.303789900000000301e+01
8.679160299999999495e+01,3.440780999999999779e+01,-5.543419999999999703e+01
-3.523860200000000020e+01,9.962000299999999697e+01,8.059352099999999552e+01
-2.620249899999999954e+01,9.324569700000000694e+01,8.617332500000000550e+01
-5.105799900000000235e+01,1.262539979999999957e+02,4.566891100000000137e+01
-4.420750000000000313e+01,1.216070019999999943e+02,5.699561299999999875e+01
-3.823839999999999861e+01,1.172500000000000000e+02,6.749632300000000384e+01
-3.234619899999999859e+01,1.107819980000000015e+02,7.623862499999999898e+01
4.923790000000000333e+00,8.317437700000000689e+01,9.142769599999999741e+01
1.516189999999999927e+01,7.634637499999999477e+01,9.173739600000000394e+01
-4.314210000000000100e+00,8.995127899999999954e+01,8.967612499999999898e+01
-1.608650000000000091e+01,8.655907399999999541e+01,8.927059900000000425e+01
2.711490099999999970e+01,7.882357799999999770e+01,8.910169999999999391e+01
3.633649799999999885e+01,6.927187299999999937e+01,8.775140399999999374e+01
4.268790099999999654e+01,5.846048700000000053e+01,8.537580099999999561e+01
3.917010100000000250e+01,4.747218699999999814e+01,8.759179699999999968e+01
4.818979999999999819e+01,4.625528700000000271e+01,8.398650399999999649e+01
5.147869899999999888e+01,5.739588899999999683e+01,7.799359900000000323e+01
5.884640100000000018e+01,5.385928700000000191e+01,6.894149799999999573e+01
6.214229999999999876e+01,6.298828900000000175e+01,6.271791100000000085e+01
6.752049999999999841e+01,6.429370099999999866e+01,5.267531199999999814e+01
7.225060299999999813e+01,6.448909799999999848e+01,4.048171200000000169e+01
7.583180199999999616e+01,6.588800000000000523e+01,2.918521099999999890e+01
7.811650099999999952e+01,6.678189799999999821e+01,1.700991099999999889e+01
8.070369700000000535e+01,6.859320099999999343e+01,6.442159000000000191e+00
8.419259599999999466e+01,7.957759900000000641e+01,-1.174968800000000080e+01
8.492849699999999302e+01,7.543910200000000543e+01,-2.329608899999999849e+01
8.334190399999999954e+01,6.389440199999999948e+01,-2.811249400000000165e+01
8.993859899999999641e+01,5.818830100000000272e+01,-2.630999399999999966e+01
8.337139899999999670e+01,7.852380399999999838e+01,-9.973520000000000163e-01
9.291400099999999895e+01,5.168109900000000323e+01,-3.345508999999999844e+01
9.445580300000000307e+01,5.685671200000000169e+01,-4.671858999999999895e+01
9.099980200000000252e+01,4.505340999999999951e+01,-5.219008999999999787e+01
-2.323580000000000112e+01,1.042699970000000036e+02,8.251582299999999748e+01
-1.372489999999999988e+01,9.787850199999999745e+01,8.679932399999999859e+01
-4.076020100000000213e+01,1.316159969999999930e+02,5.533932099999999821e+01
-3.437910099999999858e+01,1.267119979999999941e+02,6.432102199999999925e+01
-2.635300099999999901e+01,1.213990019999999959e+02,7.195482599999999707e+01
-2.053010000000000090e+01,1.147620009999999979e+02,7.801182599999999923e+01
8.079739999999999256e+00,9.525767500000000609e+01,8.864342499999999347e+01
1.738179999999999836e+01,8.786967500000000086e+01,8.966842699999999411e+01
-1.608300000000000063e+00,1.022890009999999990e+02,8.659122499999999434e+01
2.901259999999999906e+01,9.068669900000000439e+01,8.647542599999999879e+01
3.822299999999999898e+01,8.036180099999999982e+01,8.443650100000000691e+01
4.706639899999999699e+01,7.077069899999999336e+01,8.010579699999999548e+01
5.613309900000000141e+01,6.705490100000000098e+01,7.156770299999999452e+01
6.322069900000000331e+01,7.357060199999999384e+01,6.048701100000000253e+01
7.073110200000000702e+01,7.374430099999999300e+01,4.848711000000000126e+01
7.592130299999999465e+01,7.542440000000000566e+01,3.671591200000000299e+01
7.889420300000000452e+01,7.663009599999999466e+01,2.428821200000000147e+01
8.047000099999999634e+01,7.854979699999999809e+01,1.232051200000000080e+01
8.431189700000000187e+01,8.979270200000000557e+01,-4.951687999999999867e+00
8.489710200000000384e+01,9.138200399999999490e+01,-1.559048800000000057e+01
8.428710200000000441e+01,8.656009699999999896e+01,-2.995748899999999892e+01
8.431479600000000119e+01,7.545520000000000493e+01,-3.580038799999999810e+01
8.962770100000000184e+01,6.310580099999999959e+01,-3.808488799999999941e+01
8.128420300000000509e+01,8.907990300000000161e+01,5.626941999999999666e+00
8.687850199999999745e+01,7.073510000000000275e+01,-4.548208999999999946e+01
-1.113809999999999967e+01,1.111080019999999990e+02,8.223352099999999609e+01
-3.202249900000000338e+01,1.400840000000000032e+02,6.050372300000000081e+01
-2.541869900000000015e+01,1.324669949999999972e+02,6.679431900000000155e+01
-1.732659900000000164e+01,1.271190030000000064e+02,7.626972200000000157e+01
-1.047509999999999941e+01,1.218170010000000048e+02,8.162142199999999548e+01
1.065259999999999962e+01,1.065409999999999968e+02,8.415212200000000564e+01
2.096229900000000157e+01,9.923229999999999507e+01,8.590722700000000600e+01
6.025000000000000355e-01,1.148789979999999957e+02,8.284852600000000677e+01
3.319630099999999828e+01,1.023499979999999994e+02,8.001692199999999389e+01
3.894020100000000184e+01,9.187110099999999591e+01,8.167042499999999450e+01
4.731959899999999664e+01,8.397100100000000111e+01,7.748719800000000646e+01
5.517419799999999697e+01,7.791290300000000002e+01,7.112909700000000157e+01
6.016740000000000066e+01,8.435009800000000268e+01,6.274111200000000110e+01
6.638939700000000244e+01,8.296240199999999732e+01,5.363061100000000181e+01
7.266089599999999393e+01,8.503669700000000375e+01,4.399461000000000155e+01
7.775150299999999959e+01,8.920469699999999591e+01,3.263901100000000355e+01
7.895140100000000416e+01,8.878669700000000375e+01,1.923621199999999831e+01
8.126030000000000086e+01,1.004100040000000007e+02,8.466059999999999697e-01
8.423329900000000237e+01,1.019710010000000011e+02,-9.962075000000000458e+00
8.438150000000000261e+01,9.795929700000000651e+01,-2.375228900000000110e+01
8.217530100000000459e+01,9.563710000000000377e+01,-3.741118999999999772e+01
8.381440000000000623e+01,8.468209799999999632e+01,-4.465408699999999698e+01
8.069599900000000048e+01,9.999859600000000626e+01,1.411431400000000025e+01
-2.448430099999999854e+01,1.443999939999999924e+02,6.608702099999999291e+01
-1.432409999999999961e+01,1.383110049999999944e+02,7.160792499999999450e+01
-7.262100000000000222e+00,1.315769960000000083e+02,8.032052600000000098e+01
2.633710000000000218e+00,1.258600009999999969e+02,8.609152199999999766e+01
1.045599999999999952e+01,1.182780000000000058e+02,7.894602199999999925e+01
2.223649999999999949e+01,1.098020020000000017e+02,7.996472199999999475e+01
3.256090199999999868e+01,1.136100009999999969e+02,7.333862299999999834e+01
4.256359900000000351e+01,1.076829989999999952e+02,7.043032100000000639e+01
4.530590099999999865e+01,9.730829599999999857e+01,7.458122299999999427e+01
5.370249900000000309e+01,9.073719800000000646e+01,6.963472000000000151e+01
6.002150000000000318e+01,9.467569699999999955e+01,5.845701199999999886e+01
6.696489699999999345e+01,9.326519799999999805e+01,4.891011000000000308e+01
7.330339800000000139e+01,9.670839700000000505e+01,3.956360999999999706e+01
7.701000200000000007e+01,9.870010399999999606e+01,2.521691099999999963e+01
7.858480099999999879e+01,1.093010029999999944e+02,9.379813999999999652e+00
8.083869900000000541e+01,1.117429960000000051e+02,-2.409994999999999887e+00
8.046820099999999343e+01,1.154990010000000069e+02,-1.145468600000000059e+01
8.246639999999999304e+01,1.085889970000000062e+02,-1.958338900000000038e+01
8.017459900000000061e+01,1.080059969999999936e+02,-3.120698900000000009e+01
7.961399799999999516e+01,1.059159999999999968e+02,-4.256098899999999929e+01
7.974919900000000439e+01,9.638870199999999500e+01,-5.058588799999999708e+01
7.458999599999999930e+01,1.107480010000000021e+02,2.146771599999999935e+01
1.524810000000000088e+01,1.296450040000000001e+02,8.156761899999999343e+01
2.162409999999999854e+01,1.209749979999999994e+02,7.438612399999999525e+01
3.221739999999999782e+01,1.239889979999999952e+02,6.573702199999999607e+01
4.161330000000000240e+01,1.182070010000000053e+02,6.366371199999999675e+01
5.071440100000000228e+01,1.121370009999999979e+02,5.963021100000000274e+01
5.264400100000000293e+01,1.020169980000000010e+02,6.494572399999999845e+01
5.909769800000000117e+01,1.050540009999999995e+02,5.293691299999999700e+01
6.664360000000000639e+01,1.020770030000000048e+02,4.322151199999999704e+01
7.457610300000000336e+01,1.067539979999999957e+02,3.235901299999999736e+01
7.525650000000000261e+01,1.196920010000000048e+02,9.921134000000000341e+00
7.743959800000000371e+01,1.238939969999999988e+02,-3.292189999999999839e-01
7.694870000000000232e+01,1.272829969999999946e+02,-1.271698300000000081e+01
7.856310299999999813e+01,1.198450009999999963e+02,-2.378488300000000066e+01
7.710140199999999311e+01,1.193069990000000047e+02,-3.600408900000000045e+01
6.923680099999999982e+01,1.166689989999999995e+02,2.903971699999999956e+01
7.007579800000000603e+01,1.233209990000000005e+02,1.973841699999999832e+01
2.524699999999999989e+01,1.310930020000000127e+02,7.201672399999999641e+01
2.686440100000000086e+01,1.330850069999999903e+02,6.077552399999999722e+01
4.185570100000000338e+01,1.285780029999999954e+02,6.161601300000000236e+01
4.813079799999999864e+01,1.225569990000000047e+02,5.292591099999999926e+01
5.597999999999999687e+01,1.159970019999999948e+02,4.791491299999999853e+01
6.306359900000000351e+01,1.112060010000000005e+02,3.995161099999999976e+01
6.965770000000000550e+01,1.322070009999999911e+02,9.907446999999999449e+00
7.222930100000000664e+01,1.338020019999999874e+02,-3.255031999999999925e+00
5.871749899999999656e+01,1.220940020000000032e+02,3.549331300000000056e+01
6.300120199999999926e+01,1.270459979999999973e+02,3.245751200000000125e+01
6.213479999999999848e+01,1.350420070000000123e+02,2.292961700000000036e+01
5.039469900000000280e+01,1.343520049999999912e+02,5.135472099999999784e+01
5.181700099999999765e+01,1.281000060000000076e+02,4.385331000000000046e+01
5.178589999999999804e+01,1.336620029999999986e+02,3.260202400000000011e+01
4.960089899999999830e+01,1.385859989999999868e+02,2.352301800000000043e+01
5.338219800000000248e+01,1.416399989999999889e+02,3.877612299999999834e+01
